        -:    0:Source:dominion.c
        -:    0:Graph:randomtestcardadventurer.gcno
        -:    0:Data:randomtestcardadventurer.gcda
        -:    0:Runs:1
        -:    0:Programs:1
        -:    1:#include "dominion.h"
        -:    2:#include "dominion_helpers.h"
        -:    3:#include "rngs.h"
        -:    4:#include <stdio.h>
        -:    5:#include <math.h>
        -:    6:#include <stdlib.h>
        -:    7:
function compare called 60 returned 100% blocks executed 83%
       60:    8:int compare(const void* a, const void* b) {
       60:    9:  if (*(int*)a > *(int*)b)
branch  0 taken 0% (fallthrough)
branch  1 taken 100%
    #####:   10:    return 1;
       60:   11:  if (*(int*)a < *(int*)b)
branch  0 taken 27% (fallthrough)
branch  1 taken 73%
       16:   12:    return -1;
       44:   13:  return 0;
        -:   14:}
        -:   15:
function newGame called 0 returned 0% blocks executed 0%
    #####:   16:struct gameState* newGame() {
    #####:   17:  struct gameState* g = malloc(sizeof(struct gameState));
    #####:   18:  return g;
        -:   19:}
        -:   20:
function kingdomCards called 0 returned 0% blocks executed 0%
    #####:   21:int* kingdomCards(int k1, int k2, int k3, int k4, int k5, int k6, int k7,
        -:   22:		  int k8, int k9, int k10) {
    #####:   23:  int* k = malloc(10 * sizeof(int));
    #####:   24:  k[0] = k1;
    #####:   25:  k[1] = k2;
    #####:   26:  k[2] = k3;
    #####:   27:  k[3] = k4;
    #####:   28:  k[4] = k5;
    #####:   29:  k[5] = k6;
    #####:   30:  k[6] = k7;
    #####:   31:  k[7] = k8;
    #####:   32:  k[8] = k9;
    #####:   33:  k[9] = k10;
    #####:   34:  return k;
        -:   35:}
        -:   36:
function initializeGame called 1 returned 100% blocks executed 85%
        1:   37:int initializeGame(int numPlayers, int kingdomCards[10], int randomSeed,
        -:   38:		   struct gameState *state) {
        -:   39:
        -:   40:  int i;
        -:   41:  int j;
        -:   42:  int it;			
        -:   43:  //set up random number generator
        1:   44:  SelectStream(1);
call    0 returned 100%
        1:   45:  PutSeed((long)randomSeed);
call    0 returned 100%
        -:   46:  
        -:   47:  //check number of players
        1:   48:  if (numPlayers > MAX_PLAYERS || numPlayers < 2)
branch  0 taken 100% (fallthrough)
branch  1 taken 0%
branch  2 taken 0% (fallthrough)
branch  3 taken 100%
        -:   49:    {
    #####:   50:      return -1;
        -:   51:    }
        -:   52:
        -:   53:  //set number of players
        1:   54:  state->numPlayers = numPlayers;
        -:   55:
        -:   56:  //check selected kingdom cards are different
       11:   57:  for (i = 0; i < 10; i++)
branch  0 taken 91%
branch  1 taken 9% (fallthrough)
        -:   58:    {
      110:   59:      for (j = 0; j < 10; j++)
branch  0 taken 91%
branch  1 taken 9% (fallthrough)
        -:   60:        {
      100:   61:	  if (j != i && kingdomCards[j] == kingdomCards[i])
branch  0 taken 90% (fallthrough)
branch  1 taken 10%
branch  2 taken 0% (fallthrough)
branch  3 taken 100%
        -:   62:	    {
    #####:   63:	      return -1;
        -:   64:	    }
        -:   65:        }
        -:   66:    }
        -:   67:
        -:   68:
        -:   69:  //initialize supply
        -:   70:  ///////////////////////////////
        -:   71:
        -:   72:  //set number of Curse cards
        1:   73:  if (numPlayers == 2)
branch  0 taken 0% (fallthrough)
branch  1 taken 100%
        -:   74:    {
    #####:   75:      state->supplyCount[curse] = 10;
        -:   76:    }
        1:   77:  else if (numPlayers == 3)
branch  0 taken 0% (fallthrough)
branch  1 taken 100%
        -:   78:    {
    #####:   79:      state->supplyCount[curse] = 20;
        -:   80:    }
        -:   81:  else
        -:   82:    {
        1:   83:      state->supplyCount[curse] = 30;
        -:   84:    }
        -:   85:
        -:   86:  //set number of Victory cards
        1:   87:  if (numPlayers == 2)
branch  0 taken 0% (fallthrough)
branch  1 taken 100%
        -:   88:    {
    #####:   89:      state->supplyCount[estate] = 8;
    #####:   90:      state->supplyCount[duchy] = 8;
    #####:   91:      state->supplyCount[province] = 8;
        -:   92:    }
        -:   93:  else
        -:   94:    {
        1:   95:      state->supplyCount[estate] = 12;
        1:   96:      state->supplyCount[duchy] = 12;
        1:   97:      state->supplyCount[province] = 12;
        -:   98:    }
        -:   99:
        -:  100:  //set number of Treasure cards
        1:  101:  state->supplyCount[copper] = 60 - (7 * numPlayers);
        1:  102:  state->supplyCount[silver] = 40;
        1:  103:  state->supplyCount[gold] = 30;
        -:  104:
        -:  105:  //set number of Kingdom cards
       21:  106:  for (i = adventurer; i <= treasure_map; i++)       	//loop all cards
branch  0 taken 95%
branch  1 taken 5% (fallthrough)
        -:  107:    {
      165:  108:      for (j = 0; j < 10; j++)           		//loop chosen cards
branch  0 taken 94%
branch  1 taken 6% (fallthrough)
        -:  109:	{
      155:  110:	  if (kingdomCards[j] == i)
branch  0 taken 6% (fallthrough)
branch  1 taken 94%
        -:  111:	    {
        -:  112:	      //check if card is a 'Victory' Kingdom card
       10:  113:	      if (kingdomCards[j] == great_hall || kingdomCards[j] == gardens)
branch  0 taken 100% (fallthrough)
branch  1 taken 0%
branch  2 taken 0% (fallthrough)
branch  3 taken 100%
        -:  114:		{
    #####:  115:		  if (numPlayers == 2){ 
branch  0 never executed
branch  1 never executed
    #####:  116:		    state->supplyCount[i] = 8; 
        -:  117:		  }
    #####:  118:		  else{ state->supplyCount[i] = 12; }
        -:  119:		}
        -:  120:	      else
        -:  121:		{
       10:  122:		  state->supplyCount[i] = 10;
        -:  123:		}
       10:  124:	      break;
        -:  125:	    }
        -:  126:	  else    //card is not in the set choosen for the game
        -:  127:	    {
      145:  128:	      state->supplyCount[i] = -1;
        -:  129:	    }
        -:  130:	}
        -:  131:
        -:  132:    }
        -:  133:
        -:  134:  ////////////////////////
        -:  135:  //supply intilization complete
        -:  136:
        -:  137:  //set player decks
        5:  138:  for (i = 0; i < numPlayers; i++)
branch  0 taken 80%
branch  1 taken 20% (fallthrough)
        -:  139:    {
        4:  140:      state->deckCount[i] = 0;
       16:  141:      for (j = 0; j < 3; j++)
branch  0 taken 75%
branch  1 taken 25% (fallthrough)
        -:  142:	{
       12:  143:	  state->deck[i][j] = estate;
       12:  144:	  state->deckCount[i]++;
        -:  145:	}
       32:  146:      for (j = 3; j < 10; j++)
branch  0 taken 88%
branch  1 taken 13% (fallthrough)
        -:  147:	{
       28:  148:	  state->deck[i][j] = copper;
       28:  149:	  state->deckCount[i]++;		
        -:  150:	}
        -:  151:    }
        -:  152:
        -:  153:  //shuffle player decks
        5:  154:  for (i = 0; i < numPlayers; i++)
branch  0 taken 80%
branch  1 taken 20% (fallthrough)
        -:  155:    {
        4:  156:      if ( shuffle(i, state) < 0 )
call    0 returned 100%
branch  1 taken 0% (fallthrough)
branch  2 taken 100%
        -:  157:	{
    #####:  158:	  return -1;
        -:  159:	}
        -:  160:    }
        -:  161:
        -:  162:  //draw player hands
        5:  163:  for (i = 0; i < numPlayers; i++)
branch  0 taken 80%
branch  1 taken 20% (fallthrough)
        -:  164:    {  
        -:  165:      //initialize hand size to zero
        4:  166:      state->handCount[i] = 0;
        4:  167:      state->discardCount[i] = 0;
        -:  168:      //draw 5 cards
        -:  169:      // for (j = 0; j < 5; j++)
        -:  170:      //	{
        -:  171:      //	  drawCard(i, state);
        -:  172:      //	}
        -:  173:    }
        -:  174:  
        -:  175:  //set embargo tokens to 0 for all supply piles
       28:  176:  for (i = 0; i <= treasure_map; i++)
branch  0 taken 96%
branch  1 taken 4% (fallthrough)
        -:  177:    {
       27:  178:      state->embargoTokens[i] = 0;
        -:  179:    }
        -:  180:
        -:  181:  //initialize first player's turn
        1:  182:  state->outpostPlayed = 0;
        1:  183:  state->phase = 0;
        1:  184:  state->numActions = 1;
        1:  185:  state->numBuys = 1;
        1:  186:  state->playedCardCount = 0;
        1:  187:  state->whoseTurn = 0;
        1:  188:  state->handCount[state->whoseTurn] = 0;
        -:  189:  //int it; move to top
        -:  190:
        -:  191:  //Moved draw cards to here, only drawing at the start of a turn
        6:  192:  for (it = 0; it < 5; it++){
branch  0 taken 83%
branch  1 taken 17% (fallthrough)
        5:  193:    drawCard(state->whoseTurn, state);
call    0 returned 100%
        -:  194:  }
        -:  195:
        1:  196:  updateCoins(state->whoseTurn, state, 0);
call    0 returned 100%
        -:  197:
        1:  198:  return 0;
        -:  199:}
        -:  200:
function shuffle called 5 returned 100% blocks executed 100%
        5:  201:int shuffle(int player, struct gameState *state) {
        -:  202: 
        -:  203:
        -:  204:  int newDeck[MAX_DECK];
        5:  205:  int newDeckPos = 0;
        -:  206:  int card;
        -:  207:  int i;
        -:  208:
        5:  209:  if (state->deckCount[player] < 1)
branch  0 taken 20% (fallthrough)
branch  1 taken 80%
        1:  210:    return -1;
        4:  211:  qsort ((void*)(state->deck[player]), state->deckCount[player], sizeof(int), compare); 
call    0 returned 100%
        -:  212:  /* SORT CARDS IN DECK TO ENSURE DETERMINISM! */
        -:  213:
       44:  214:  while (state->deckCount[player] > 0) {
branch  0 taken 91%
branch  1 taken 9% (fallthrough)
       40:  215:    card = floor(Random() * state->deckCount[player]);
call    0 returned 100%
       40:  216:    newDeck[newDeckPos] = state->deck[player][card];
       40:  217:    newDeckPos++;
      139:  218:    for (i = card; i < state->deckCount[player]-1; i++) {
branch  0 taken 71%
branch  1 taken 29% (fallthrough)
       99:  219:      state->deck[player][i] = state->deck[player][i+1];
        -:  220:    }
       40:  221:    state->deckCount[player]--;
        -:  222:  }
       44:  223:  for (i = 0; i < newDeckPos; i++) {
branch  0 taken 91%
branch  1 taken 9% (fallthrough)
       40:  224:    state->deck[player][i] = newDeck[i];
       40:  225:    state->deckCount[player]++;
        -:  226:  }
        -:  227:
        4:  228:  return 0;
        -:  229:}
        -:  230:
function playCard called 0 returned 0% blocks executed 0%
    #####:  231:int playCard(int handPos, int choice1, int choice2, int choice3, struct gameState *state) 
        -:  232:{	
        -:  233:  int card;
    #####:  234:  int coin_bonus = 0; 		//tracks coins gain from actions
        -:  235:
        -:  236:  //check if it is the right phase
    #####:  237:  if (state->phase != 0)
branch  0 never executed
branch  1 never executed
        -:  238:    {
    #####:  239:      return -1;
        -:  240:    }
        -:  241:	
        -:  242:  //check if player has enough actions
    #####:  243:  if ( state->numActions < 1 )
branch  0 never executed
branch  1 never executed
        -:  244:    {
    #####:  245:      return -1;
        -:  246:    }
        -:  247:	
        -:  248:  //get card played
    #####:  249:  card = handCard(handPos, state);
call    0 never executed
        -:  250:	
        -:  251:  //check if selected card is an action
    #####:  252:  if ( card < adventurer || card > treasure_map )
branch  0 never executed
branch  1 never executed
branch  2 never executed
branch  3 never executed
        -:  253:    {
    #####:  254:      return -1;
        -:  255:    }
        -:  256:	
        -:  257:  //play card
    #####:  258:  if ( cardEffect(card, choice1, choice2, choice3, state, handPos, &coin_bonus) < 0 )
call    0 never executed
branch  1 never executed
branch  2 never executed
        -:  259:    {
    #####:  260:      return -1;
        -:  261:    }
        -:  262:	
        -:  263:  //reduce number of actions
    #####:  264:  state->numActions--;
        -:  265:
        -:  266:  //update coins (Treasure cards may be added with card draws)
    #####:  267:  updateCoins(state->whoseTurn, state, coin_bonus);
call    0 never executed
        -:  268:	
    #####:  269:  return 0;
        -:  270:}
        -:  271:
function buyCard called 0 returned 0% blocks executed 0%
    #####:  272:int buyCard(int supplyPos, struct gameState *state) {
        -:  273:  int who;
        -:  274:  if (DEBUG){
        -:  275:    printf("Entering buyCard...\n");
        -:  276:  }
        -:  277:
        -:  278:  // I don't know what to do about the phase thing.
        -:  279:
    #####:  280:  who = state->whoseTurn;
        -:  281:
    #####:  282:  if (state->numBuys < 1){
branch  0 never executed
branch  1 never executed
        -:  283:    if (DEBUG)
        -:  284:      printf("You do not have any buys left\n");
    #####:  285:    return -1;
    #####:  286:  } else if (supplyCount(supplyPos, state) <1){
call    0 never executed
branch  1 never executed
branch  2 never executed
        -:  287:    if (DEBUG)
        -:  288:      printf("There are not any of that type of card left\n");
    #####:  289:    return -1;
    #####:  290:  } else if (state->coins < getCost(supplyPos)){
call    0 never executed
branch  1 never executed
branch  2 never executed
        -:  291:    if (DEBUG) 
        -:  292:      printf("You do not have enough money to buy that. You have %d coins.\n", state->coins);
    #####:  293:    return -1;
        -:  294:  } else {
    #####:  295:    state->phase=1;
        -:  296:    //state->supplyCount[supplyPos]--;
    #####:  297:    gainCard(supplyPos, state, 0, who); //card goes in discard, this might be wrong.. (2 means goes into hand, 0 goes into discard)
call    0 never executed
        -:  298:  
    #####:  299:    state->coins = (state->coins) - (getCost(supplyPos));
call    0 never executed
    #####:  300:    state->numBuys--;
        -:  301:    if (DEBUG)
        -:  302:      printf("You bought card number %d for %d coins. You now have %d buys and %d coins.\n", supplyPos, getCost(supplyPos), state->numBuys, state->coins);
        -:  303:  }
        -:  304:
        -:  305:  //state->discard[who][state->discardCount[who]] = supplyPos;
        -:  306:  //state->discardCount[who]++;
        -:  307:    
    #####:  308:  return 0;
        -:  309:}
        -:  310:
function numHandCards called 0 returned 0% blocks executed 0%
    #####:  311:int numHandCards(struct gameState *state) {
    #####:  312:  return state->handCount[ whoseTurn(state) ];
call    0 never executed
        -:  313:}
        -:  314:
function handCard called 0 returned 0% blocks executed 0%
    #####:  315:int handCard(int handPos, struct gameState *state) {
    #####:  316:  int currentPlayer = whoseTurn(state);
call    0 never executed
    #####:  317:  return state->hand[currentPlayer][handPos];
        -:  318:}
        -:  319:
function supplyCount called 2 returned 100% blocks executed 100%
        2:  320:int supplyCount(int card, struct gameState *state) {
        2:  321:  return state->supplyCount[card];
        -:  322:}
        -:  323:
function fullDeckCount called 0 returned 0% blocks executed 0%
    #####:  324:int fullDeckCount(int player, int card, struct gameState *state) {
        -:  325:  int i;
    #####:  326:  int count = 0;
        -:  327:
    #####:  328:  for (i = 0; i < state->deckCount[player]; i++)
branch  0 never executed
branch  1 never executed
        -:  329:    {
    #####:  330:      if (state->deck[player][i] == card) count++;
branch  0 never executed
branch  1 never executed
        -:  331:    }
        -:  332:
    #####:  333:  for (i = 0; i < state->handCount[player]; i++)
branch  0 never executed
branch  1 never executed
        -:  334:    {
    #####:  335:      if (state->hand[player][i] == card) count++;
branch  0 never executed
branch  1 never executed
        -:  336:    }
        -:  337:
    #####:  338:  for (i = 0; i < state->discardCount[player]; i++)
branch  0 never executed
branch  1 never executed
        -:  339:    {
    #####:  340:      if (state->discard[player][i] == card) count++;
branch  0 never executed
branch  1 never executed
        -:  341:    }
        -:  342:
    #####:  343:  return count;
        -:  344:}
        -:  345:
function whoseTurn called 1 returned 100% blocks executed 100%
        1:  346:int whoseTurn(struct gameState *state) {
        1:  347:  return state->whoseTurn;
        -:  348:}
        -:  349:
function endTurn called 0 returned 0% blocks executed 0%
    #####:  350:int endTurn(struct gameState *state) {
        -:  351:  int k;
        -:  352:  int i;
    #####:  353:  int currentPlayer = whoseTurn(state);
call    0 never executed
        -:  354:  
        -:  355:  //Discard hand
    #####:  356:  for (i = 0; i < state->handCount[currentPlayer]; i++){
branch  0 never executed
branch  1 never executed
    #####:  357:    state->discard[currentPlayer][state->discardCount[currentPlayer]++] = state->hand[currentPlayer][i];//Discard
    #####:  358:    state->hand[currentPlayer][i] = -1;//Set card to -1
        -:  359:  }
    #####:  360:  state->handCount[currentPlayer] = 0;//Reset hand count
        -:  361:    
        -:  362:  //Code for determining the player
    #####:  363:  if (currentPlayer < (state->numPlayers - 1)){ 
branch  0 never executed
branch  1 never executed
    #####:  364:    state->whoseTurn = currentPlayer + 1;//Still safe to increment
        -:  365:  }
        -:  366:  else{
    #####:  367:    state->whoseTurn = 0;//Max player has been reached, loop back around to player 1
        -:  368:  }
        -:  369:
    #####:  370:  state->outpostPlayed = 0;
    #####:  371:  state->phase = 0;
    #####:  372:  state->numActions = 1;
    #####:  373:  state->coins = 0;
    #####:  374:  state->numBuys = 1;
    #####:  375:  state->playedCardCount = 0;
    #####:  376:  state->handCount[state->whoseTurn] = 0;
        -:  377:
        -:  378:  //int k; move to top
        -:  379:  //Next player draws hand
    #####:  380:  for (k = 0; k < 5; k++){
branch  0 never executed
branch  1 never executed
    #####:  381:    drawCard(state->whoseTurn, state);//Draw a card
call    0 never executed
        -:  382:  }
        -:  383:
        -:  384:  //Update money
    #####:  385:  updateCoins(state->whoseTurn, state , 0);
call    0 never executed
        -:  386:
    #####:  387:  return 0;
        -:  388:}
        -:  389:
function isGameOver called 0 returned 0% blocks executed 0%
    #####:  390:int isGameOver(struct gameState *state) {
        -:  391:  int i;
        -:  392:  int j;
        -:  393:	
        -:  394:  //if stack of Province cards is empty, the game ends
    #####:  395:  if (state->supplyCount[province] == 0)
branch  0 never executed
branch  1 never executed
        -:  396:    {
    #####:  397:      return 1;
        -:  398:    }
        -:  399:
        -:  400:  //if three supply pile are at 0, the game ends
    #####:  401:  j = 0;
    #####:  402:  for (i = 0; i < 25; i++)
branch  0 never executed
branch  1 never executed
        -:  403:    {
    #####:  404:      if (state->supplyCount[i] == 0)
branch  0 never executed
branch  1 never executed
        -:  405:	{
    #####:  406:	  j++;
        -:  407:	}
        -:  408:    }
    #####:  409:  if ( j >= 3)
branch  0 never executed
branch  1 never executed
        -:  410:    {
    #####:  411:      return 1;
        -:  412:    }
        -:  413:
    #####:  414:  return 0;
        -:  415:}
        -:  416:
function scoreFor called 0 returned 0% blocks executed 0%
    #####:  417:int scoreFor (int player, struct gameState *state) {
        -:  418:
        -:  419:  int i;
    #####:  420:  int score = 0;
        -:  421:  //score from hand
    #####:  422:  for (i = 0; i < state->handCount[player]; i++)
branch  0 never executed
branch  1 never executed
        -:  423:    {
    #####:  424:      if (state->hand[player][i] == curse) { score = score - 1; };
branch  0 never executed
branch  1 never executed
    #####:  425:      if (state->hand[player][i] == estate) { score = score + 1; };
branch  0 never executed
branch  1 never executed
    #####:  426:      if (state->hand[player][i] == duchy) { score = score + 3; };
branch  0 never executed
branch  1 never executed
    #####:  427:      if (state->hand[player][i] == province) { score = score + 6; };
branch  0 never executed
branch  1 never executed
    #####:  428:      if (state->hand[player][i] == great_hall) { score = score + 1; };
branch  0 never executed
branch  1 never executed
    #####:  429:      if (state->hand[player][i] == gardens) { score = score + ( fullDeckCount(player, 0, state) / 10 ); };
branch  0 never executed
branch  1 never executed
call    2 never executed
        -:  430:    }
        -:  431:
        -:  432:  //score from discard
    #####:  433:  for (i = 0; i < state->discardCount[player]; i++)
branch  0 never executed
branch  1 never executed
        -:  434:    {
    #####:  435:      if (state->discard[player][i] == curse) { score = score - 1; };
branch  0 never executed
branch  1 never executed
    #####:  436:      if (state->discard[player][i] == estate) { score = score + 1; };
branch  0 never executed
branch  1 never executed
    #####:  437:      if (state->discard[player][i] == duchy) { score = score + 3; };
branch  0 never executed
branch  1 never executed
    #####:  438:      if (state->discard[player][i] == province) { score = score + 6; };
branch  0 never executed
branch  1 never executed
    #####:  439:      if (state->discard[player][i] == great_hall) { score = score + 1; };
branch  0 never executed
branch  1 never executed
    #####:  440:      if (state->discard[player][i] == gardens) { score = score + ( fullDeckCount(player, 0, state) / 10 ); };
branch  0 never executed
branch  1 never executed
call    2 never executed
        -:  441:    }
        -:  442:
        -:  443:  //score from deck
    #####:  444:  for (i = 0; i < state->discardCount[player]; i++)
branch  0 never executed
branch  1 never executed
        -:  445:    {
    #####:  446:      if (state->deck[player][i] == curse) { score = score - 1; };
branch  0 never executed
branch  1 never executed
    #####:  447:      if (state->deck[player][i] == estate) { score = score + 1; };
branch  0 never executed
branch  1 never executed
    #####:  448:      if (state->deck[player][i] == duchy) { score = score + 3; };
branch  0 never executed
branch  1 never executed
    #####:  449:      if (state->deck[player][i] == province) { score = score + 6; };
branch  0 never executed
branch  1 never executed
    #####:  450:      if (state->deck[player][i] == great_hall) { score = score + 1; };
branch  0 never executed
branch  1 never executed
    #####:  451:      if (state->deck[player][i] == gardens) { score = score + ( fullDeckCount(player, 0, state) / 10 ); };
branch  0 never executed
branch  1 never executed
call    2 never executed
        -:  452:    }
        -:  453:
    #####:  454:  return score;
        -:  455:}
        -:  456:
function getWinners called 0 returned 0% blocks executed 0%
    #####:  457:int getWinners(int players[MAX_PLAYERS], struct gameState *state) {
        -:  458:  int i;	
        -:  459:  int j;
        -:  460:  int highScore;
        -:  461:  int currentPlayer;
        -:  462:
        -:  463:  //get score for each player
    #####:  464:  for (i = 0; i < MAX_PLAYERS; i++)
branch  0 never executed
branch  1 never executed
        -:  465:    {
        -:  466:      //set unused player scores to -9999
    #####:  467:      if (i >= state->numPlayers)
branch  0 never executed
branch  1 never executed
        -:  468:	{
    #####:  469:	  players[i] = -9999;
        -:  470:	}
        -:  471:      else
        -:  472:	{
    #####:  473:	  players[i] = scoreFor (i, state);
call    0 never executed
        -:  474:	}
        -:  475:    }
        -:  476:
        -:  477:  //find highest score
    #####:  478:  j = 0;
    #####:  479:  for (i = 0; i < MAX_PLAYERS; i++)
branch  0 never executed
branch  1 never executed
        -:  480:    {
    #####:  481:      if (players[i] > players[j])
branch  0 never executed
branch  1 never executed
        -:  482:	{
    #####:  483:	  j = i;
        -:  484:	}
        -:  485:    }
    #####:  486:  highScore = players[j];
        -:  487:
        -:  488:  //add 1 to players who had less turns
    #####:  489:  currentPlayer = whoseTurn(state);
call    0 never executed
    #####:  490:  for (i = 0; i < MAX_PLAYERS; i++)
branch  0 never executed
branch  1 never executed
        -:  491:    {
    #####:  492:      if ( players[i] == highScore && i > currentPlayer )
branch  0 never executed
branch  1 never executed
branch  2 never executed
branch  3 never executed
        -:  493:	{
    #####:  494:	  players[i]++;
        -:  495:	}
        -:  496:    }
        -:  497:
        -:  498:  //find new highest score
    #####:  499:  j = 0;
    #####:  500:  for (i = 0; i < MAX_PLAYERS; i++)
branch  0 never executed
branch  1 never executed
        -:  501:    {
    #####:  502:      if ( players[i] > players[j] )
branch  0 never executed
branch  1 never executed
        -:  503:	{
    #####:  504:	  j = i;
        -:  505:	}
        -:  506:    }
    #####:  507:  highScore = players[j];
        -:  508:
        -:  509:  //set winners in array to 1 and rest to 0
    #####:  510:  for (i = 0; i < MAX_PLAYERS; i++)
branch  0 never executed
branch  1 never executed
        -:  511:    {
    #####:  512:      if ( players[i] == highScore )
branch  0 never executed
branch  1 never executed
        -:  513:	{
    #####:  514:	  players[i] = 1;
        -:  515:	}
        -:  516:      else
        -:  517:	{
    #####:  518:	  players[i] = 0;
        -:  519:	}
        -:  520:    }
        -:  521:
    #####:  522:  return 0;
        -:  523:}
        -:  524:
function drawCard called 14 returned 100% blocks executed 85%
       14:  525:int drawCard(int player, struct gameState *state)
        -:  526:{	int count;
        -:  527:  int deckCounter;
       14:  528:  if (state->deckCount[player] <= 0){//Deck is empty
branch  0 taken 7% (fallthrough)
branch  1 taken 93%
        -:  529:    
        -:  530:    //Step 1 Shuffle the discard pile back into a deck
        -:  531:    int i;
        -:  532:    //Move discard to deck
       1*:  533:    for (i = 0; i < state->discardCount[player];i++){
branch  0 taken 0%
branch  1 taken 100% (fallthrough)
    #####:  534:      state->deck[player][i] = state->discard[player][i];
    #####:  535:      state->discard[player][i] = -1;
        -:  536:    }
        -:  537:
        1:  538:    state->deckCount[player] = state->discardCount[player];
        1:  539:    state->discardCount[player] = 0;//Reset discard
        -:  540:
        -:  541:    //Shufffle the deck
        1:  542:    shuffle(player, state);//Shuffle the deck up and make it so that we can draw
call    0 returned 100%
        -:  543:   
        -:  544:    if (DEBUG){//Debug statements
        -:  545:      printf("Deck count now: %d\n", state->deckCount[player]);
        -:  546:    }
        -:  547:    
        1:  548:    state->discardCount[player] = 0;
        -:  549:
        -:  550:    //Step 2 Draw Card
        1:  551:    count = state->handCount[player];//Get current player's hand count
        -:  552:    
        -:  553:    if (DEBUG){//Debug statements
        -:  554:      printf("Current hand count: %d\n", count);
        -:  555:    }
        -:  556:    
        1:  557:    deckCounter = state->deckCount[player];//Create a holder for the deck count
        -:  558:
        1:  559:    if (deckCounter == 0)
branch  0 taken 100% (fallthrough)
branch  1 taken 0%
        1:  560:      return -1;
        -:  561:
    #####:  562:    state->hand[player][count] = state->deck[player][deckCounter - 1];//Add card to hand
    #####:  563:    state->deckCount[player]--;
    #####:  564:    state->handCount[player]++;//Increment hand count
        -:  565:  }
        -:  566:
        -:  567:  else{
       13:  568:    int count = state->handCount[player];//Get current hand count for player
        -:  569:    int deckCounter;
        -:  570:    if (DEBUG){//Debug statements
        -:  571:      printf("Current hand count: %d\n", count);
        -:  572:    }
        -:  573:
       13:  574:    deckCounter = state->deckCount[player];//Create holder for the deck count
       13:  575:    state->hand[player][count] = state->deck[player][deckCounter - 1];//Add card to the hand
       13:  576:    state->deckCount[player]--;
       13:  577:    state->handCount[player]++;//Increment hand count
        -:  578:  }
        -:  579:
       13:  580:  return 0;
        -:  581:}
        -:  582:
function getCost called 1 returned 100% blocks executed 10%
        1:  583:int getCost(int cardNumber)
        -:  584:{
        1:  585:  switch( cardNumber ) 
branch  0 taken 0%
branch  1 taken 100%
branch  2 taken 0%
branch  3 taken 0%
branch  4 taken 0%
branch  5 taken 0%
branch  6 taken 0%
branch  7 taken 0%
branch  8 taken 0%
branch  9 taken 0%
branch 10 taken 0%
branch 11 taken 0%
branch 12 taken 0%
branch 13 taken 0%
branch 14 taken 0%
branch 15 taken 0%
branch 16 taken 0%
branch 17 taken 0%
branch 18 taken 0%
branch 19 taken 0%
branch 20 taken 0%
branch 21 taken 0%
branch 22 taken 0%
branch 23 taken 0%
branch 24 taken 0%
branch 25 taken 0%
branch 26 taken 0%
branch 27 taken 0%
        -:  586:    {
    #####:  587:    case curse:
    #####:  588:      return 0;
        1:  589:    case estate:
        1:  590:      return 2;
    #####:  591:    case duchy:
    #####:  592:      return 5;
    #####:  593:    case province:
    #####:  594:      return 8;
    #####:  595:    case copper:
    #####:  596:      return 0;
    #####:  597:    case silver:
    #####:  598:      return 3;
    #####:  599:    case gold:
    #####:  600:      return 6;
    #####:  601:    case adventurer:
    #####:  602:      return 6;
    #####:  603:    case council_room:
    #####:  604:      return 5;
    #####:  605:    case feast:
    #####:  606:      return 4;
    #####:  607:    case gardens:
    #####:  608:      return 4;
    #####:  609:    case mine:
    #####:  610:      return 5;
    #####:  611:    case remodel:
    #####:  612:      return 4;
    #####:  613:    case smithy:
    #####:  614:      return 4;
    #####:  615:    case village:
    #####:  616:      return 3;
    #####:  617:    case baron:
    #####:  618:      return 4;
    #####:  619:    case great_hall:
    #####:  620:      return 3;
    #####:  621:    case minion:
    #####:  622:      return 5;
    #####:  623:    case steward:
    #####:  624:      return 3;
    #####:  625:    case tribute:
    #####:  626:      return 5;
    #####:  627:    case ambassador:
    #####:  628:      return 3;
    #####:  629:    case cutpurse:
    #####:  630:      return 4;
    #####:  631:    case embargo: 
    #####:  632:      return 2;
    #####:  633:    case outpost:
    #####:  634:      return 5;
    #####:  635:    case salvager:
    #####:  636:      return 4;
    #####:  637:    case sea_hag:
    #####:  638:      return 4;
    #####:  639:    case treasure_map:
    #####:  640:      return 4;
        -:  641:    }
        -:  642:	
    #####:  643:  return -1;
        -:  644:}
        -:  645:
        -:  646:
function myAdventurer called 1 returned 100% blocks executed 67%
        1:  647:int myAdventurer(int drawntreasure, int currentPlayer, int temphand[], struct gameState *state)
        -:  648:{
        1:  649:    int z = 0;// this is the counter for the temp hand
        -:  650:    int cardDrawn;
        -:  651:
        3:  652:    while(drawntreasure<2){
branch  0 taken 67%
branch  1 taken 33% (fallthrough)
        2:  653:        if (state->deckCount[currentPlayer] <1){//if the deck is empty we need to shuffle discard and add to deck
branch  0 taken 0% (fallthrough)
branch  1 taken 100%
    #####:  654:            shuffle(currentPlayer, state);
call    0 never executed
        -:  655:        }
        2:  656:        drawCard(currentPlayer, state);
call    0 returned 100%
        2:  657:        cardDrawn = state->hand[currentPlayer][state->handCount[currentPlayer]-1];//top card of hand is most recently drawn card.
        -:  658:        // BUG: copper is not counted toward drawntreasure
       2*:  659:        if (cardDrawn == copper || cardDrawn == silver || cardDrawn == gold)
branch  0 taken 0% (fallthrough)
branch  1 taken 100%
branch  2 never executed
branch  3 never executed
branch  4 never executed
branch  5 never executed
        -:  660:        //if (cardDrawn == silver || cardDrawn == gold)
        2:  661:            drawntreasure++;
        -:  662:        else{
    #####:  663:            temphand[z]=cardDrawn;
    #####:  664:            state->handCount[currentPlayer]--; //this should just remove the top card (the most recently drawn one).
    #####:  665:            z++;
        -:  666:        }
        -:  667:    }
        -:  668:
        1:  669:    while(z-1>=0){
branch  0 taken 0%
branch  1 taken 100% (fallthrough)
    #####:  670:        state->discard[currentPlayer][state->discardCount[currentPlayer]++]=temphand[z-1]; // discard all cards in play that have been drawn
    #####:  671:        z=z-1;
        -:  672:    }
        1:  673:    return 0;
        -:  674:
        -:  675:}		
        -:  676:
function myCouncil_room called 1 returned 100% blocks executed 100%
        1:  677:int myCouncil_room(int currentPlayer, int handPos, struct gameState *state)
        -:  678:{
        -:  679:    int i;
        -:  680:    //+4 Cards
        5:  681:    for (i = 0; i < 4; i++)
branch  0 taken 80%
branch  1 taken 20% (fallthrough)
        -:  682:    {
        4:  683:        drawCard(currentPlayer, state);
call    0 returned 100%
        -:  684:    }
        -:  685:
        -:  686:    //+1 Buy
        -:  687:    // BUG: number of buys is decremented where it should be incremented.
        -:  688:    //state->numBuys++;
        1:  689:    state->numBuys--;
        -:  690:
        -:  691:    //Each other player draws a card
        5:  692:    for (i = 0; i < state->numPlayers; i++)
branch  0 taken 80%
branch  1 taken 20% (fallthrough)
        -:  693:    {
        4:  694:        if ( i != currentPlayer )
branch  0 taken 75% (fallthrough)
branch  1 taken 25%
        -:  695:        {
        3:  696:            drawCard(i, state);
call    0 returned 100%
        -:  697:        }
        -:  698:    }
        -:  699:
        -:  700:    //put played card in played card pile
        1:  701:    discardCard(handPos, currentPlayer, state, 0);
call    0 returned 100%
        -:  702:
        1:  703:    return 0;
        -:  704:}		
        -:  705:
function myFeast called 1 returned 100% blocks executed 94%
        1:  706:int myFeast(int currentPlayer, int temphand[], struct gameState *state, int choice1)
        -:  707:{
        -:  708:    int i;
        -:  709:    int x;
        -:  710:    
        -:  711:    //gain card with cost up to 5
        -:  712:    //Backup hand
       11:  713:    for (i = 0; i <= state->handCount[currentPlayer]; i++){
branch  0 taken 91%
branch  1 taken 9% (fallthrough)
       10:  714:        temphand[i] = state->hand[currentPlayer][i];//Backup card
       10:  715:        state->hand[currentPlayer][i] = -1;//Set to nothing
        -:  716:    }
        -:  717:    //Backup hand
        -:  718:
        -:  719:    //Update Coins for Buy
        1:  720:    updateCoins(currentPlayer, state, 5);
call    0 returned 100%
        1:  721:    x = 1;//Condition to loop on
        2:  722:    while( x == 1) {//Buy one card
branch  0 taken 50%
branch  1 taken 50% (fallthrough)
        1:  723:        if (supplyCount(choice1, state) <= 0){
call    0 returned 100%
branch  1 taken 100% (fallthrough)
branch  2 taken 0%
        -:  724:            if (DEBUG)
        -:  725:                printf("None of that card left, sorry!\n");
        -:  726:
        -:  727:            if (DEBUG){
        -:  728:                printf("Cards Left: %d\n", supplyCount(choice1, state));
        -:  729:            }
        -:  730:        }
        1:  731:        else if (state->coins < getCost(choice1)){
call    0 returned 100%
branch  1 taken 0% (fallthrough)
branch  2 taken 100%
    #####:  732:            printf("That card is too expensive!\n");
call    0 never executed
        -:  733:
        -:  734:            if (DEBUG){
        -:  735:                printf("Coins: %d < %d\n", state->coins, getCost(choice1));
        -:  736:            }
        -:  737:        }
        -:  738:        else{
        -:  739:
        -:  740:            if (DEBUG){
        -:  741:                printf("Deck Count: %d\n", state->handCount[currentPlayer] + state->deckCount[currentPlayer] + state->discardCount[currentPlayer]);
        -:  742:            }
        -:  743:
        -:  744:            // BUG: Add card to currentPlayer's deck instead of discard pile.
        -:  745:            // gainCard(choice1, state, 0, currentPlayer);//Gain the card
        1:  746:            gainCard(choice1, state, 1, currentPlayer);//Gain the card
call    0 returned 100%
        1:  747:            x = 0;//No more buying cards
        -:  748:
        -:  749:            if (DEBUG){
        -:  750:                printf("Deck Count: %d\n", state->handCount[currentPlayer] + state->deckCount[currentPlayer] + state->discardCount[currentPlayer]);
        -:  751:            }
        -:  752:
        -:  753:        }
        -:  754:    }     
        -:  755:
        -:  756:    //Reset Hand
       11:  757:    for (i = 0; i <= state->handCount[currentPlayer]; i++){
branch  0 taken 91%
branch  1 taken 9% (fallthrough)
       10:  758:        state->hand[currentPlayer][i] = temphand[i];
       10:  759:        temphand[i] = -1;
        -:  760:    }
        -:  761:    //Reset Hand
        -:  762:
        1:  763:    return 0;
        -:  764:}		
        -:  765:
function mySmithy called 0 returned 0% blocks executed 0%
    #####:  766:int mySmithy(int currentPlayer, struct gameState *state, int handPos)
        -:  767:{
        -:  768:	int i;
        -:  769:
        -:  770:    //printf("SMITHY hand: %d\n", state->handCount[currentPlayer]);
        -:  771:    //printf("SMITHY deck: %d\n", state->deckCount[currentPlayer]);
        -:  772:	//+3 Cards
    #####:  773:	for (i = 0; i < 3; i++)
branch  0 never executed
branch  1 never executed
        -:  774:	{
    #####:  775:		drawCard(currentPlayer, state);
call    0 never executed
        -:  776:	}
        -:  777:    //printf("SMITHY hand: %d\n", state->handCount[currentPlayer]);
        -:  778:    //printf("SMITHY deck: %d\n", state->deckCount[currentPlayer]);
        -:  779:			
        -:  780:	//discard card from hand
    #####:  781:	discardCard(handPos, currentPlayer, state, 0);
call    0 never executed
        -:  782:    //printf("SMITHY hand: %d\n", state->handCount[currentPlayer]);
        -:  783:    //printf("SMITHY deck: %d\n", state->deckCount[currentPlayer]);
    #####:  784:	return 0;
        -:  785:}
        -:  786:
function myMine called 0 returned 0% blocks executed 0%
    #####:  787:int myMine(int currentPlayer, struct gameState *state, int choice1, int choice2, int handPos)
        -:  788:{
        -:  789:    int j;
        -:  790:    int i;
    #####:  791:    j = state->hand[currentPlayer][choice1];  //store card we will trash
        -:  792:
    #####:  793:    if (state->hand[currentPlayer][choice1] < copper || state->hand[currentPlayer][choice1] > gold)
branch  0 never executed
branch  1 never executed
branch  2 never executed
branch  3 never executed
        -:  794:    {
    #####:  795:        return -1;
        -:  796:    }
        -:  797:
    #####:  798:    if (choice2 > treasure_map || choice2 < curse)
branch  0 never executed
branch  1 never executed
branch  2 never executed
branch  3 never executed
        -:  799:    {
    #####:  800:        return -1;
        -:  801:    }
        -:  802:
    #####:  803:    if ( (getCost(state->hand[currentPlayer][choice1]) + 3) > getCost(choice2) )
call    0 never executed
call    1 never executed
branch  2 never executed
branch  3 never executed
        -:  804:    {
    #####:  805:        return -1;
        -:  806:    }
        -:  807:
    #####:  808:    gainCard(choice2, state, 2, currentPlayer);
call    0 never executed
        -:  809:
        -:  810:    //discard card from hand
    #####:  811:    discardCard(handPos, currentPlayer, state, 0);
call    0 never executed
        -:  812:
        -:  813:    //discard trashed card
    #####:  814:    for (i = 0; i < state->handCount[currentPlayer]; i++)
branch  0 never executed
branch  1 never executed
        -:  815:    {
    #####:  816:        if (state->hand[currentPlayer][i] == j)
branch  0 never executed
branch  1 never executed
        -:  817:        {
    #####:  818:            discardCard(i, currentPlayer, state, 0);			
call    0 never executed
    #####:  819:            break;
        -:  820:        }
        -:  821:    }
        -:  822:
    #####:  823:    return 0;
        -:  824:}
        -:  825:
function cardEffect called 1 returned 100% blocks executed 4%
        1:  826:int cardEffect(int card, int choice1, int choice2, int choice3, struct gameState *state, int handPos, int *bonus)
        -:  827:{
        -:  828:  int i;
        -:  829:  int j;
        -:  830:  int k;
        -:  831:  int index;
        1:  832:  int currentPlayer = whoseTurn(state);
call    0 returned 100%
        1:  833:  int nextPlayer = currentPlayer + 1;
        -:  834:
        1:  835:  int tributeRevealedCards[2] = {-1, -1};
        -:  836:  int temphand[MAX_HAND];// moved above the if statement
        1:  837:  int drawntreasure=0;
        -:  838:  //int z = 0;// this is the counter for the temp hand
        1:  839:  if (nextPlayer > (state->numPlayers - 1)){
branch  0 taken 0% (fallthrough)
branch  1 taken 100%
    #####:  840:    nextPlayer = 0;
        -:  841:  }
        -:  842:
        -:  843:
        -:  844:  //uses switch to select card and perform actions
        1:  845:  switch( card ) 
branch  0 taken 100%
branch  1 taken 0%
branch  2 taken 0%
branch  3 taken 0%
branch  4 taken 0%
branch  5 taken 0%
branch  6 taken 0%
branch  7 taken 0%
branch  8 taken 0%
branch  9 taken 0%
branch 10 taken 0%
branch 11 taken 0%
branch 12 taken 0%
branch 13 taken 0%
branch 14 taken 0%
branch 15 taken 0%
branch 16 taken 0%
branch 17 taken 0%
branch 18 taken 0%
branch 19 taken 0%
branch 20 taken 0%
        -:  846:  {
        1:  847:      case adventurer:
        1:  848:          myAdventurer(drawntreasure, currentPlayer, temphand, state);
call    0 returned 100%
        -:  849:
        1:  850:      case council_room:
        1:  851:          myCouncil_room(currentPlayer, handPos, state);
call    0 returned 100%
        -:  852:
        1:  853:      case feast:
        1:  854:          myFeast(currentPlayer, temphand, state, choice1);
call    0 returned 100%
        -:  855:
        1:  856:      case gardens:
        1:  857:	      return -1;
        -:  858:
    #####:  859:      case mine:
    #####:  860:          myMine(currentPlayer, state, choice1, choice2, handPos);
call    0 never executed
        -:  861:
    #####:  862:      case remodel:
    #####:  863:          j = state->hand[currentPlayer][choice1];  //store card we will trash
        -:  864:
    #####:  865:      if ( (getCost(state->hand[currentPlayer][choice1]) + 2) > getCost(choice2) )
call    0 never executed
call    1 never executed
branch  2 never executed
branch  3 never executed
        -:  866:	{
    #####:  867:	  return -1;
        -:  868:	}
        -:  869:
    #####:  870:      gainCard(choice2, state, 0, currentPlayer);
call    0 never executed
        -:  871:
        -:  872:      //discard card from hand
    #####:  873:      discardCard(handPos, currentPlayer, state, 0);
call    0 never executed
        -:  874:
        -:  875:      //discard trashed card
    #####:  876:      for (i = 0; i < state->handCount[currentPlayer]; i++)
branch  0 never executed
branch  1 never executed
        -:  877:	{
    #####:  878:	  if (state->hand[currentPlayer][i] == j)
branch  0 never executed
branch  1 never executed
        -:  879:	    {
    #####:  880:	      discardCard(i, currentPlayer, state, 0);			
call    0 never executed
    #####:  881:	      break;
        -:  882:	    }
        -:  883:	}
        -:  884:
        -:  885:
    #####:  886:      return 0;
        -:  887:		
    #####:  888:    case smithy:
    #####:  889:	    mySmithy(currentPlayer, state, handPos);
call    0 never executed
        -:  890:
    #####:  891:	case village:
        -:  892:		//+1 Card
    #####:  893:		drawCard(currentPlayer, state);
call    0 never executed
        -:  894:			
        -:  895:		//+2 Actions
    #####:  896:		state->numActions = state->numActions + 2;
        -:  897:			
        -:  898:		//discard played card from hand
    #####:  899:		discardCard(handPos, currentPlayer, state, 0);
call    0 never executed
    #####:  900:		return 0;
        -:  901:		
    #####:  902:    case baron:
    #####:  903:      state->numBuys++;//Increase buys by 1!
    #####:  904:      if (choice1 > 0){//Boolean true or going to discard an estate
branch  0 never executed
branch  1 never executed
    #####:  905:	int p = 0;//Iterator for hand!
    #####:  906:	int card_not_discarded = 1;//Flag for discard set!
    #####:  907:	while(card_not_discarded){
branch  0 never executed
branch  1 never executed
    #####:  908:	  if (state->hand[currentPlayer][p] == estate){//Found an estate card!
branch  0 never executed
branch  1 never executed
    #####:  909:	    state->coins += 4;//Add 4 coins to the amount of coins
    #####:  910:	    state->discard[currentPlayer][state->discardCount[currentPlayer]] = state->hand[currentPlayer][p];
    #####:  911:	    state->discardCount[currentPlayer]++;
    #####:  912:	    for (;p < state->handCount[currentPlayer]; p++){
branch  0 never executed
branch  1 never executed
    #####:  913:	      state->hand[currentPlayer][p] = state->hand[currentPlayer][p+1];
        -:  914:	    }
    #####:  915:	    state->hand[currentPlayer][state->handCount[currentPlayer]] = -1;
    #####:  916:	    state->handCount[currentPlayer]--;
    #####:  917:	    card_not_discarded = 0;//Exit the loop
        -:  918:	  }
    #####:  919:	  else if (p > state->handCount[currentPlayer]){
branch  0 never executed
branch  1 never executed
        -:  920:	    if(DEBUG) {
        -:  921:	      printf("No estate cards in your hand, invalid choice\n");
        -:  922:	      printf("Must gain an estate if there are any\n");
        -:  923:	    }
    #####:  924:	    if (supplyCount(estate, state) > 0){
call    0 never executed
branch  1 never executed
branch  2 never executed
    #####:  925:	      gainCard(estate, state, 0, currentPlayer);
call    0 never executed
    #####:  926:	      state->supplyCount[estate]--;//Decrement estates
    #####:  927:	      if (supplyCount(estate, state) == 0){
call    0 never executed
branch  1 never executed
branch  2 never executed
    #####:  928:		isGameOver(state);
call    0 never executed
        -:  929:	      }
        -:  930:	    }
    #####:  931:	    card_not_discarded = 0;//Exit the loop
        -:  932:	  }
        -:  933:			    
        -:  934:	  else{
    #####:  935:	    p++;//Next card
        -:  936:	  }
        -:  937:	}
        -:  938:      }
        -:  939:			    
        -:  940:      else{
    #####:  941:	if (supplyCount(estate, state) > 0){
call    0 never executed
branch  1 never executed
branch  2 never executed
    #####:  942:	  gainCard(estate, state, 0, currentPlayer);//Gain an estate
call    0 never executed
    #####:  943:	  state->supplyCount[estate]--;//Decrement Estates
    #####:  944:	  if (supplyCount(estate, state) == 0){
call    0 never executed
branch  1 never executed
branch  2 never executed
    #####:  945:	    isGameOver(state);
call    0 never executed
        -:  946:	  }
        -:  947:	}
        -:  948:      }
        -:  949:	    
        -:  950:      
    #####:  951:      return 0;
        -:  952:		
    #####:  953:    case great_hall:
        -:  954:      //+1 Card
    #####:  955:      drawCard(currentPlayer, state);
call    0 never executed
        -:  956:			
        -:  957:      //+1 Actions
    #####:  958:      state->numActions++;
        -:  959:			
        -:  960:      //discard card from hand
    #####:  961:      discardCard(handPos, currentPlayer, state, 0);
call    0 never executed
    #####:  962:      return 0;
        -:  963:		
    #####:  964:    case minion:
        -:  965:      //+1 action
    #####:  966:      state->numActions++;
        -:  967:			
        -:  968:      //discard card from hand
    #####:  969:      discardCard(handPos, currentPlayer, state, 0);
call    0 never executed
        -:  970:			
    #####:  971:      if (choice1)		//+2 coins
branch  0 never executed
branch  1 never executed
        -:  972:	{
    #####:  973:	  state->coins = state->coins + 2;
        -:  974:	}
        -:  975:			
    #####:  976:      else if (choice2)		//discard hand, redraw 4, other players with 5+ cards discard hand and draw 4
branch  0 never executed
branch  1 never executed
        -:  977:	{
        -:  978:	  //discard hand
    #####:  979:	  while(numHandCards(state) > 0)
call    0 never executed
branch  1 never executed
branch  2 never executed
        -:  980:	    {
    #####:  981:	      discardCard(handPos, currentPlayer, state, 0);
call    0 never executed
        -:  982:	    }
        -:  983:				
        -:  984:	  //draw 4
    #####:  985:	  for (i = 0; i < 4; i++)
branch  0 never executed
branch  1 never executed
        -:  986:	    {
    #####:  987:	      drawCard(currentPlayer, state);
call    0 never executed
        -:  988:	    }
        -:  989:				
        -:  990:	  //other players discard hand and redraw if hand size > 4
    #####:  991:	  for (i = 0; i < state->numPlayers; i++)
branch  0 never executed
branch  1 never executed
        -:  992:	    {
    #####:  993:	      if (i != currentPlayer)
branch  0 never executed
branch  1 never executed
        -:  994:		{
    #####:  995:		  if ( state->handCount[i] > 4 )
branch  0 never executed
branch  1 never executed
        -:  996:		    {
        -:  997:		      //discard hand
    #####:  998:		      while( state->handCount[i] > 0 )
branch  0 never executed
branch  1 never executed
        -:  999:			{
    #####: 1000:			  discardCard(handPos, i, state, 0);
call    0 never executed
        -: 1001:			}
        -: 1002:							
        -: 1003:		      //draw 4
    #####: 1004:		      for (j = 0; j < 4; j++)
branch  0 never executed
branch  1 never executed
        -: 1005:			{
    #####: 1006:			  drawCard(i, state);
call    0 never executed
        -: 1007:			}
        -: 1008:		    }
        -: 1009:		}
        -: 1010:	    }
        -: 1011:				
        -: 1012:	}
    #####: 1013:      return 0;
        -: 1014:		
    #####: 1015:    case steward:
    #####: 1016:      if (choice1 == 1)
branch  0 never executed
branch  1 never executed
        -: 1017:	{
        -: 1018:	  //+2 cards
    #####: 1019:	  drawCard(currentPlayer, state);
call    0 never executed
    #####: 1020:	  drawCard(currentPlayer, state);
call    0 never executed
        -: 1021:	}
    #####: 1022:      else if (choice1 == 2)
branch  0 never executed
branch  1 never executed
        -: 1023:	{
        -: 1024:	  //+2 coins
    #####: 1025:	  state->coins = state->coins + 2;
        -: 1026:	}
        -: 1027:      else
        -: 1028:	{
        -: 1029:	  //trash 2 cards in hand
    #####: 1030:	  discardCard(choice2, currentPlayer, state, 1);
call    0 never executed
    #####: 1031:	  discardCard(choice3, currentPlayer, state, 1);
call    0 never executed
        -: 1032:	}
        -: 1033:			
        -: 1034:      //discard card from hand
    #####: 1035:      discardCard(handPos, currentPlayer, state, 0);
call    0 never executed
    #####: 1036:      return 0;
        -: 1037:		
    #####: 1038:    case tribute:
    #####: 1039:      if ((state->discardCount[nextPlayer] + state->deckCount[nextPlayer]) <= 1){
branch  0 never executed
branch  1 never executed
    #####: 1040:	if (state->deckCount[nextPlayer] > 0){
branch  0 never executed
branch  1 never executed
    #####: 1041:	  tributeRevealedCards[0] = state->deck[nextPlayer][state->deckCount[nextPlayer]-1];
    #####: 1042:	  state->deckCount[nextPlayer]--;
        -: 1043:	}
    #####: 1044:	else if (state->discardCount[nextPlayer] > 0){
branch  0 never executed
branch  1 never executed
    #####: 1045:	  tributeRevealedCards[0] = state->discard[nextPlayer][state->discardCount[nextPlayer]-1];
    #####: 1046:	  state->discardCount[nextPlayer]--;
        -: 1047:	}
        -: 1048:	else{
        -: 1049:	  //No Card to Reveal
        -: 1050:	  if (DEBUG){
        -: 1051:	    printf("No cards to reveal\n");
        -: 1052:	  }
        -: 1053:	}
        -: 1054:      }
        -: 1055:	    
        -: 1056:      else{
    #####: 1057:	if (state->deckCount[nextPlayer] == 0){
branch  0 never executed
branch  1 never executed
    #####: 1058:	  for (i = 0; i < state->discardCount[nextPlayer]; i++){
branch  0 never executed
branch  1 never executed
    #####: 1059:	    state->deck[nextPlayer][i] = state->discard[nextPlayer][i];//Move to deck
    #####: 1060:	    state->deckCount[nextPlayer]++;
    #####: 1061:	    state->discard[nextPlayer][i] = -1;
    #####: 1062:	    state->discardCount[nextPlayer]--;
        -: 1063:	  }
        -: 1064:			    
    #####: 1065:	  shuffle(nextPlayer,state);//Shuffle the deck
call    0 never executed
        -: 1066:	} 
    #####: 1067:	tributeRevealedCards[0] = state->deck[nextPlayer][state->deckCount[nextPlayer]-1];
    #####: 1068:	state->deck[nextPlayer][state->deckCount[nextPlayer]--] = -1;
    #####: 1069:	state->deckCount[nextPlayer]--;
    #####: 1070:	tributeRevealedCards[1] = state->deck[nextPlayer][state->deckCount[nextPlayer]-1];
    #####: 1071:	state->deck[nextPlayer][state->deckCount[nextPlayer]--] = -1;
    #####: 1072:	state->deckCount[nextPlayer]--;
        -: 1073:      }    
        -: 1074:		       
    #####: 1075:      if (tributeRevealedCards[0] == tributeRevealedCards[1]){//If we have a duplicate card, just drop one 
branch  0 never executed
branch  1 never executed
    #####: 1076:	state->playedCards[state->playedCardCount] = tributeRevealedCards[1];
    #####: 1077:	state->playedCardCount++;
    #####: 1078:	tributeRevealedCards[1] = -1;
        -: 1079:      }
        -: 1080:
    #####: 1081:      for (i = 0; i <= 2; i ++){
branch  0 never executed
branch  1 never executed
    #####: 1082:	if (tributeRevealedCards[i] == copper || tributeRevealedCards[i] == silver || tributeRevealedCards[i] == gold){//Treasure cards
branch  0 never executed
branch  1 never executed
branch  2 never executed
branch  3 never executed
branch  4 never executed
branch  5 never executed
    #####: 1083:	  state->coins += 2;
        -: 1084:	}
        -: 1085:		    
    #####: 1086:	else if (tributeRevealedCards[i] == estate || tributeRevealedCards[i] == duchy || tributeRevealedCards[i] == province || tributeRevealedCards[i] == gardens || tributeRevealedCards[i] == great_hall){//Victory Card Found
branch  0 never executed
branch  1 never executed
branch  2 never executed
branch  3 never executed
branch  4 never executed
branch  5 never executed
branch  6 never executed
branch  7 never executed
branch  8 never executed
branch  9 never executed
    #####: 1087:	  drawCard(currentPlayer, state);
call    0 never executed
    #####: 1088:	  drawCard(currentPlayer, state);
call    0 never executed
        -: 1089:	}
        -: 1090:	else{//Action Card
    #####: 1091:	  state->numActions = state->numActions + 2;
        -: 1092:	}
        -: 1093:      }
        -: 1094:	    
    #####: 1095:      return 0;
        -: 1096:		
    #####: 1097:    case ambassador:
    #####: 1098:      j = 0;		//used to check if player has enough cards to discard
        -: 1099:
    #####: 1100:      if (choice2 > 2 || choice2 < 0)
branch  0 never executed
branch  1 never executed
branch  2 never executed
branch  3 never executed
        -: 1101:	{
    #####: 1102:	  return -1;				
        -: 1103:	}
        -: 1104:
    #####: 1105:      if (choice1 == handPos)
branch  0 never executed
branch  1 never executed
        -: 1106:	{
    #####: 1107:	  return -1;
        -: 1108:	}
        -: 1109:
    #####: 1110:      for (i = 0; i < state->handCount[currentPlayer]; i++)
branch  0 never executed
branch  1 never executed
        -: 1111:	{
    #####: 1112:	  if (i != handPos && i == state->hand[currentPlayer][choice1] && i != choice1)
branch  0 never executed
branch  1 never executed
branch  2 never executed
branch  3 never executed
branch  4 never executed
branch  5 never executed
        -: 1113:	    {
    #####: 1114:	      j++;
        -: 1115:	    }
        -: 1116:	}
    #####: 1117:      if (j < choice2)
branch  0 never executed
branch  1 never executed
        -: 1118:	{
    #####: 1119:	  return -1;				
        -: 1120:	}
        -: 1121:
        -: 1122:      if (DEBUG) 
        -: 1123:	printf("Player %d reveals card number: %d\n", currentPlayer, state->hand[currentPlayer][choice1]);
        -: 1124:
        -: 1125:      //increase supply count for choosen card by amount being discarded
    #####: 1126:      state->supplyCount[state->hand[currentPlayer][choice1]] += choice2;
        -: 1127:			
        -: 1128:      //each other player gains a copy of revealed card
    #####: 1129:      for (i = 0; i < state->numPlayers; i++)
branch  0 never executed
branch  1 never executed
        -: 1130:	{
    #####: 1131:	  if (i != currentPlayer)
branch  0 never executed
branch  1 never executed
        -: 1132:	    {
    #####: 1133:	      gainCard(state->hand[currentPlayer][choice1], state, 0, i);
call    0 never executed
        -: 1134:	    }
        -: 1135:	}
        -: 1136:
        -: 1137:      //discard played card from hand
    #####: 1138:      discardCard(handPos, currentPlayer, state, 0);			
call    0 never executed
        -: 1139:
        -: 1140:      //trash copies of cards returned to supply
    #####: 1141:      for (j = 0; j < choice2; j++)
branch  0 never executed
branch  1 never executed
        -: 1142:	{
    #####: 1143:	  for (i = 0; i < state->handCount[currentPlayer]; i++)
branch  0 never executed
branch  1 never executed
        -: 1144:	    {
    #####: 1145:	      if (state->hand[currentPlayer][i] == state->hand[currentPlayer][choice1])
branch  0 never executed
branch  1 never executed
        -: 1146:		{
    #####: 1147:		  discardCard(i, currentPlayer, state, 1);
call    0 never executed
    #####: 1148:		  break;
        -: 1149:		}
        -: 1150:	    }
        -: 1151:	}			
        -: 1152:
    #####: 1153:      return 0;
        -: 1154:		
    #####: 1155:    case cutpurse:
        -: 1156:
    #####: 1157:      updateCoins(currentPlayer, state, 2);
call    0 never executed
    #####: 1158:      for (i = 0; i < state->numPlayers; i++)
branch  0 never executed
branch  1 never executed
        -: 1159:	{
    #####: 1160:	  if (i != currentPlayer)
branch  0 never executed
branch  1 never executed
        -: 1161:	    {
    #####: 1162:	      for (j = 0; j < state->handCount[i]; j++)
branch  0 never executed
branch  1 never executed
        -: 1163:		{
    #####: 1164:		  if (state->hand[i][j] == copper)
branch  0 never executed
branch  1 never executed
        -: 1165:		    {
    #####: 1166:		      discardCard(j, i, state, 0);
call    0 never executed
    #####: 1167:		      break;
        -: 1168:		    }
    #####: 1169:		  if (j == state->handCount[i])
branch  0 never executed
branch  1 never executed
        -: 1170:		    {
    #####: 1171:		      for (k = 0; k < state->handCount[i]; k++)
branch  0 never executed
branch  1 never executed
        -: 1172:			{
        -: 1173:			  if (DEBUG)
        -: 1174:			    printf("Player %d reveals card number %d\n", i, state->hand[i][k]);
        -: 1175:			}	
    #####: 1176:		      break;
        -: 1177:		    }		
        -: 1178:		}
        -: 1179:					
        -: 1180:	    }
        -: 1181:				
        -: 1182:	}				
        -: 1183:
        -: 1184:      //discard played card from hand
    #####: 1185:      discardCard(handPos, currentPlayer, state, 0);			
call    0 never executed
        -: 1186:
    #####: 1187:      return 0;
        -: 1188:
        -: 1189:		
    #####: 1190:    case embargo: 
        -: 1191:      //+2 Coins
    #####: 1192:      state->coins = state->coins + 2;
        -: 1193:			
        -: 1194:      //see if selected pile is in play
    #####: 1195:      if ( state->supplyCount[choice1] == -1 )
branch  0 never executed
branch  1 never executed
        -: 1196:	{
    #####: 1197:	  return -1;
        -: 1198:	}
        -: 1199:			
        -: 1200:      //add embargo token to selected supply pile
    #####: 1201:      state->embargoTokens[choice1]++;
        -: 1202:			
        -: 1203:      //trash card
    #####: 1204:      discardCard(handPos, currentPlayer, state, 1);		
call    0 never executed
    #####: 1205:      return 0;
        -: 1206:		
    #####: 1207:    case outpost:
        -: 1208:      //set outpost flag
    #####: 1209:      state->outpostPlayed++;
        -: 1210:			
        -: 1211:      //discard card
    #####: 1212:      discardCard(handPos, currentPlayer, state, 0);
call    0 never executed
    #####: 1213:      return 0;
        -: 1214:		
    #####: 1215:    case salvager:
        -: 1216:      //+1 buy
    #####: 1217:      state->numBuys++;
        -: 1218:			
    #####: 1219:      if (choice1)
branch  0 never executed
branch  1 never executed
        -: 1220:	{
        -: 1221:	  //gain coins equal to trashed card
    #####: 1222:	  state->coins = state->coins + getCost( handCard(choice1, state) );
call    0 never executed
call    1 never executed
        -: 1223:	  //trash card
    #####: 1224:	  discardCard(choice1, currentPlayer, state, 1);	
call    0 never executed
        -: 1225:	}
        -: 1226:			
        -: 1227:      //discard card
    #####: 1228:      discardCard(handPos, currentPlayer, state, 0);
call    0 never executed
    #####: 1229:      return 0;
        -: 1230:		
    #####: 1231:    case sea_hag:
    #####: 1232:      for (i = 0; i < state->numPlayers; i++){
branch  0 never executed
branch  1 never executed
    #####: 1233:	if (i != currentPlayer){
branch  0 never executed
branch  1 never executed
    #####: 1234:	  state->discard[i][state->discardCount[i]] = state->deck[i][state->deckCount[i]--];			    state->deckCount[i]--;
    #####: 1235:	  state->discardCount[i]++;
    #####: 1236:	  state->deck[i][state->deckCount[i]--] = curse;//Top card now a curse
        -: 1237:	}
        -: 1238:      }
    #####: 1239:      return 0;
        -: 1240:		
    #####: 1241:    case treasure_map:
        -: 1242:      //search hand for another treasure_map
    #####: 1243:      index = -1;
    #####: 1244:      for (i = 0; i < state->handCount[currentPlayer]; i++)
branch  0 never executed
branch  1 never executed
        -: 1245:	{
    #####: 1246:	  if (state->hand[currentPlayer][i] == treasure_map && i != handPos)
branch  0 never executed
branch  1 never executed
branch  2 never executed
branch  3 never executed
        -: 1247:	    {
    #####: 1248:	      index = i;
    #####: 1249:	      break;
        -: 1250:	    }
        -: 1251:	}
    #####: 1252:      if (index > -1)
branch  0 never executed
branch  1 never executed
        -: 1253:	{
        -: 1254:	  //trash both treasure cards
    #####: 1255:	  discardCard(handPos, currentPlayer, state, 1);
call    0 never executed
    #####: 1256:	  discardCard(index, currentPlayer, state, 1);
call    0 never executed
        -: 1257:
        -: 1258:	  //gain 4 Gold cards
    #####: 1259:	  for (i = 0; i < 4; i++)
branch  0 never executed
branch  1 never executed
        -: 1260:	    {
    #####: 1261:	      gainCard(gold, state, 1, currentPlayer);
call    0 never executed
        -: 1262:	    }
        -: 1263:				
        -: 1264:	  //return success
    #####: 1265:	  return 1;
        -: 1266:	}
        -: 1267:			
        -: 1268:      //no second treasure_map found in hand
    #####: 1269:      return -1;
        -: 1270:    }
        -: 1271:	
    #####: 1272:  return -1;
        -: 1273:}
        -: 1274:
function discardCard called 1 returned 100% blocks executed 78%
        1: 1275:int discardCard(int handPos, int currentPlayer, struct gameState *state, int trashFlag)
        -: 1276:{
        -: 1277:	
        -: 1278:  //if card is not trashed, added to Played pile 
        1: 1279:  if (trashFlag < 1)
branch  0 taken 100% (fallthrough)
branch  1 taken 0%
        -: 1280:    {
        -: 1281:      //add card to played pile
        1: 1282:      state->playedCards[state->playedCardCount] = state->hand[currentPlayer][handPos]; 
        1: 1283:      state->playedCardCount++;
        -: 1284:    }
        -: 1285:	
        -: 1286:  //set played card to -1
        1: 1287:  state->hand[currentPlayer][handPos] = -1;
        -: 1288:	
        -: 1289:  //remove card from player's hand
        1: 1290:  if ( handPos == (state->handCount[currentPlayer] - 1) ) 	//last card in hand array is played
branch  0 taken 0% (fallthrough)
branch  1 taken 100%
        -: 1291:    {
        -: 1292:      //reduce number of cards in hand
    #####: 1293:      state->handCount[currentPlayer]--;
        -: 1294:    }
        1: 1295:  else if ( state->handCount[currentPlayer] == 1 ) //only one card in hand
branch  0 taken 0% (fallthrough)
branch  1 taken 100%
        -: 1296:    {
        -: 1297:      //reduce number of cards in hand
    #####: 1298:      state->handCount[currentPlayer]--;
        -: 1299:    }
        -: 1300:  else 	
        -: 1301:    {
        -: 1302:      //replace discarded card with last card in hand
        1: 1303:      state->hand[currentPlayer][handPos] = state->hand[currentPlayer][ (state->handCount[currentPlayer] - 1)];
        -: 1304:      //set last card to -1
        1: 1305:      state->hand[currentPlayer][state->handCount[currentPlayer] - 1] = -1;
        -: 1306:      //reduce number of cards in hand
        1: 1307:      state->handCount[currentPlayer]--;
        -: 1308:    }
        -: 1309:	
        1: 1310:  return 0;
        -: 1311:}
        -: 1312:
function gainCard called 1 returned 100% blocks executed 60%
        1: 1313:int gainCard(int supplyPos, struct gameState *state, int toFlag, int player)
        -: 1314:{
        -: 1315:  //Note: supplyPos is enum of choosen card
        -: 1316:	
        -: 1317:  //check if supply pile is empty (0) or card is not used in game (-1)
        1: 1318:  if ( supplyCount(supplyPos, state) < 1 )
call    0 returned 100%
branch  1 taken 0% (fallthrough)
branch  2 taken 100%
        -: 1319:    {
    #####: 1320:      return -1;
        -: 1321:    }
        -: 1322:	
        -: 1323:  //added card for [whoseTurn] current player:
        -: 1324:  // toFlag = 0 : add to discard
        -: 1325:  // toFlag = 1 : add to deck
        -: 1326:  // toFlag = 2 : add to hand
        -: 1327:
        1: 1328:  if (toFlag == 1)
branch  0 taken 100% (fallthrough)
branch  1 taken 0%
        -: 1329:    {
        1: 1330:      state->deck[ player ][ state->deckCount[player] ] = supplyPos;
        1: 1331:      state->deckCount[player]++;
        -: 1332:    }
    #####: 1333:  else if (toFlag == 2)
branch  0 never executed
branch  1 never executed
        -: 1334:    {
    #####: 1335:      state->hand[ player ][ state->handCount[player] ] = supplyPos;
    #####: 1336:      state->handCount[player]++;
        -: 1337:    }
        -: 1338:  else
        -: 1339:    {
    #####: 1340:      state->discard[player][ state->discardCount[player] ] = supplyPos;
    #####: 1341:      state->discardCount[player]++;
        -: 1342:    }
        -: 1343:	
        -: 1344:  //decrease number in supply pile
        1: 1345:  state->supplyCount[supplyPos]--;
        -: 1346:	 
        1: 1347:  return 0;
        -: 1348:}
        -: 1349:
function updateCoins called 2 returned 100% blocks executed 82%
        2: 1350:int updateCoins(int player, struct gameState *state, int bonus)
        -: 1351:{
        -: 1352:  int i;
        -: 1353:	
        -: 1354:  //reset coin count
        2: 1355:  state->coins = 0;
        -: 1356:
        -: 1357:  //add coins for each Treasure card in player's hand
       16: 1358:  for (i = 0; i < state->handCount[player]; i++)
branch  0 taken 88%
branch  1 taken 13% (fallthrough)
        -: 1359:    {
       14: 1360:      if (state->hand[player][i] == copper)
branch  0 taken 29% (fallthrough)
branch  1 taken 71%
        -: 1361:	{
        4: 1362:	  state->coins += 1;
        -: 1363:	}
       10: 1364:      else if (state->hand[player][i] == silver)
branch  0 taken 0% (fallthrough)
branch  1 taken 100%
        -: 1365:	{
    #####: 1366:	  state->coins += 2;
        -: 1367:	}
       10: 1368:      else if (state->hand[player][i] == gold)
branch  0 taken 0% (fallthrough)
branch  1 taken 100%
        -: 1369:	{
    #####: 1370:	  state->coins += 3;
        -: 1371:	}	
        -: 1372:    }	
        -: 1373:
        -: 1374:  //add bonus
        2: 1375:  state->coins += bonus;
        -: 1376:
        2: 1377:  return 0;
        -: 1378:}
        -: 1379:
        -: 1380:
        -: 1381://end of dominion.c
        -: 1382:
