        -:    0:Source:randomtestcard1.c
        -:    0:Graph:randomtestcard1.gcno
        -:    0:Data:randomtestcard1.gcda
        -:    0:Runs:1
        -:    0:Programs:1
        -:    1:/*
        -:    2: * randomtestcard1.c
        -:    3: */
        -:    4:
        -:    5:/*
        -:    6: * Include the following lines in your makefile:
        -:    7: *
        -:    8: * randomtestcard1: randomtestcard1.c 
        -:    9: *      gcc -o randomtestcard1 -g randomtestcard1.c dominion.o rngs.o $(CFLAGS)
        -:   10: */
        -:   11:
        -:   12:
        -:   13:#include "dominion.c"
        -:   14:#include "dominion_helpers.h"
        -:   15:#include "myAssert.c"
        -:   16:#include "rngs.h"
        -:   17:#include <assert.h>
        -:   18:#include <stdio.h>
        -:   19:#include <stdlib.h>
        -:   20:#include <string.h>
        -:   21:#include <time.h>
        -:   22:
        -:   23:#define TESTCARD "smithy"
        -:   24:#define MAXPLAYERS 4
        -:   25:#define MINPLAYERS 2
        -:   26:
function main called 1 returned 100% blocks executed 90%
        1:   27:int main(int argc, char* argv[]) {
        -:   28:    // seed the random generator
        1:   29:    srand(time(NULL));
call    0 returned 100%
call    1 returned 100%
        1:   30:    int numPlayersRandom = -5;
        1:   31:    int thisPlayerRandom = -5;
        1:   32:    numPlayersRandom = rand() % (MAXPLAYERS - 1 - MINPLAYERS) + MAXPLAYERS;
call    0 returned 100%
        1:   33:    thisPlayerRandom = rand() % numPlayersRandom; 
call    0 returned 100%
        1:   34:    printf("numPlayers: %d\n", numPlayersRandom);
call    0 returned 100%
        1:   35:    printf("thisPlayer: %d\n", thisPlayerRandom);
call    0 returned 100%
        -:   36:
        1:   37:    int handpos = 0, choice1 = 0, choice2 = 0, choice3 = 0, bonus = 0;
        1:   38:    int seed = 1000;
        1:   39:    int numPlayers = 2;
        1:   40:    int thisPlayer = 0;
        -:   41:    struct gameState G, testG;
        1:   42:    int k[10] = {adventurer, embargo, village, minion, mine, cutpurse,
        -:   43:            sea_hag, tribute, smithy, council_room};
        -:   44:
        -:   45:    // initialize a game state and player cards
        1:   46:    initializeGame(numPlayers, k, seed, &G);
call    0 returned 100%
        -:   47:
        -:   48:
        1:   49:    printf("----------------- Testing Card: %s ----------------\n", TESTCARD);
call    0 returned 100%
        -:   50:
        -:   51:    // ----------- TEST 1: random test --------------
        -:   52:
        -:   53:    //printf("deck count: %d\n", G->deckCount[thisPlayer]);
        -:   54:    //printf("hand count: %d\n", G->handCount[thisPlayer]);
        -:   55:
        1:   56:    printf("TEST 1: random test\n");
call    0 returned 100%
        -:   57:
        -:   58:    // copy the game state to a test case
        1:   59:    memcpy(&testG, &G, sizeof(struct gameState));
        1:   60:    choice1 = 1;
        1:   61:    cardEffect(smithy, choice1, choice2, choice3, &testG, handpos, &bonus);
call    0 returned 100%
        -:   62:
        1:   63:    printf("hand count = %d, expected = %d\n", testG.handCount[thisPlayer], G.handCount[thisPlayer] + 2);
call    0 returned 100%
        1:   64:    printf("deck count = %d, expected = %d\n", testG.deckCount[thisPlayer], G.deckCount[thisPlayer] - 4);
call    0 returned 100%
       1*:   65:    myAssert(testG.handCount[thisPlayer] == G.handCount[thisPlayer] + 2);
branch  0 taken 100% (fallthrough)
branch  1 taken 0%
call    2 returned 100%
call    3 never executed
       1*:   66:    myAssert(testG.deckCount[thisPlayer] == G.deckCount[thisPlayer] - 4);
branch  0 taken 100% (fallthrough)
branch  1 taken 0%
call    2 returned 100%
call    3 never executed
        -:   67:
        -:   68:
        1:   69:    printf("\n >>>>> SUCCESS: Testing complete %s <<<<<\n\n", TESTCARD);
call    0 returned 100%
        -:   70:
        -:   71:
        1:   72:    return 0;
        -:   73:}
