        -:    0:Source:unittest3.c
        -:    0:Graph:unittest3.gcno
        -:    0:Data:unittest3.gcda
        -:    0:Runs:1
        -:    0:Programs:1
        -:    1:#include "myAssert.h"
        -:    2:#include "dominion.c"
        -:    3:#include <stdio.h>
        -:    4:
function main called 1 returned 100% blocks executed 78%
        1:    5:int main(int argc, char* argv[])
        -:    6:{
        -:    7:    // compare function
        -:    8:
        1:    9:    int test1 = 1;
        1:   10:    int test2 = 2;
        1:   11:    int *a = &test1;
        1:   12:    int *b = &test2;
        -:   13:
       1*:   14:    myAssert(compare(b, a) == 1);
call    0 returned 100%
branch  1 taken 100% (fallthrough)
branch  2 taken 0%
call    3 returned 100%
call    4 never executed
       1*:   15:    myAssert(compare(a, b) == -1);
call    0 returned 100%
branch  1 taken 100% (fallthrough)
branch  2 taken 0%
call    3 returned 100%
call    4 never executed
       1*:   16:    myAssert(compare(a, a) == 0);
call    0 returned 100%
branch  1 taken 100% (fallthrough)
branch  2 taken 0%
call    3 returned 100%
call    4 never executed
       1*:   17:    myAssert(compare(b, b) == 0);
call    0 returned 100%
branch  1 taken 100% (fallthrough)
branch  2 taken 0%
call    3 returned 100%
call    4 never executed
        -:   18:}
