        -:    0:Source:cardtest4.c
        -:    0:Graph:cardtest4.gcno
        -:    0:Data:cardtest4.gcda
        -:    0:Runs:1
        -:    0:Programs:1
        -:    1:#include "myAssert.h"
        -:    2:#include "dominion.h"
        -:    3:#include <stdio.h>
        -:    4:
function main called 1 returned 100% blocks executed 88%
        1:    5:int main(int argc, char* argv[])
        -:    6:{
        -:    7:    // mine
        1:    8:    int player = 0;
        1:    9:    struct gameState *testGame = newGame();
call    0 returned 100%
        -:   10:
        1:   11:    testGame->deckCount[player] = 5;
        1:   12:    testGame->handCount[player] = 5;
        -:   13:
        1:   14:    int k[10] = {adventurer, gardens, embargo, village, minion, mine, cutpurse, sea_hag, tribute, smithy};
        1:   15:    initializeGame(2, k, 10, testGame);
call    0 returned 100%
        -:   16:
        1:   17:    int choice1 = copper;
        1:   18:    int choice2 = silver;
        1:   19:    int handPos = 0;
        -:   20:
       1*:   21:    myAssert(play_mine(player, choice1, choice2, testGame, handPos) == 0);
call    0 returned 100%
branch  1 taken 100% (fallthrough)
branch  2 taken 0%
call    3 returned 100%
call    4 never executed
        -:   22:}
