        -:    0:Source:unittest1.c
        -:    0:Graph:unittest1.gcno
        -:    0:Data:unittest1.gcda
        -:    0:Runs:1
        -:    0:Programs:1
        -:    1:#include "myAssert.h"
        -:    2:#include "dominion_helpers.h"
        -:    3:#include "dominion.c"
        -:    4:#include <stdio.h>
        -:    5:
function main called 1 returned 100% blocks executed 77%
        1:    6:int main(int argc, char* argv[])
        -:    7:{
        -:    8:    // getCost function
        -:    9:
        -:   10:    // false, should fail
        -:   11:    // myAssert(1 == 0);    
        -:   12:
        -:   13:    // true, should pass
        -:   14:    // myAssert(1 == 1);    
        -:   15:
        -:   16:    // curse
       1*:   17:    myAssert(getCost(0) == 0);
call    0 returned 100%
branch  1 taken 100% (fallthrough)
branch  2 taken 0%
call    3 returned 100%
call    4 never executed
        -:   18:    
        -:   19:    // estate
       1*:   20:    myAssert(getCost(1) == 2);
call    0 returned 100%
branch  1 taken 100% (fallthrough)
branch  2 taken 0%
call    3 returned 100%
call    4 never executed
        -:   21:    
        -:   22:    // duchy
       1*:   23:    myAssert(getCost(2) == 5);
call    0 returned 100%
branch  1 taken 100% (fallthrough)
branch  2 taken 0%
call    3 returned 100%
call    4 never executed
        -:   24:    
        -:   25:    // province
       1*:   26:    myAssert(getCost(3) == 8);
call    0 returned 100%
branch  1 taken 100% (fallthrough)
branch  2 taken 0%
call    3 returned 100%
call    4 never executed
        -:   27:    
        -:   28:    // copper
       1*:   29:    myAssert(getCost(4) == 0);
call    0 returned 100%
branch  1 taken 100% (fallthrough)
branch  2 taken 0%
call    3 returned 100%
call    4 never executed
        -:   30:}
